[2019-07-07 10:43:29,380] MainFunc-exploration.py-><module> line:127 [INFO]Iteration: 0; Configuration: grid: 10, safety_threshold: 0.200000, privacy_threshold: 0.100000, the starting point: [0, 0, 0]; the end point: [9, 9, 9]; T_budget(alpha): 45.000000 (1.666667); T_optimal(beta): 36.000000 (1.333333); Exploration_rate: 0.000000; Preference: 1.000000; View_radius: 2.500000
[2019-07-07 10:43:48,528] pathinitial.py->PathInitial line:138 [INFO]Initial_planning: Length of reference trajectory: 27
[2019-07-07 10:43:48,529] pathinitial.py->PathInitial line:139 [INFO]Initial_planning: Sum of privacy threat of reference trajectory(occ_grid): 42.458180
[2019-07-07 10:43:48,529] pathinitial.py->PathInitial line:140 [INFO]Initial_planning: Sum of privacy threat of reference trajectory(occ_grid_known): 0.000000
[2019-07-07 10:44:06,860] pathinitial.py->PathInitial line:183 [INFO]Initial_planning: Length of best trajectory: 27
[2019-07-07 10:44:06,860] pathinitial.py->PathInitial line:184 [INFO]Initial_planning: Sum of privacy threat of best trajectory(occ_grid): 15.281790
[2019-07-07 10:44:06,860] pathinitial.py->PathInitial line:185 [INFO]Initial_planning: Sum of privacy threat of best trajectory(occ_grid_known): 15.281790
[2019-07-07 10:44:06,901] HybridPlanning_SA.py->Astar_Hybrid_Planning_online line:451 [INFO]Online_Hybrid_Planning: No solution for local planning: from [0, 0, 0] to [1, 1, 0]. No soultion flag is 1, PR for PP is 0.778801. length of PP is 2, T plan optimal is 11
[2019-07-07 10:44:06,912] HybridPlanning_SA.py->Astar_Hybrid_Planning_online line:451 [INFO]Online_Hybrid_Planning: No solution for local planning: from [1, 1, 0] to [1, 3, 0]. No soultion flag is 1, PR for PP is 0.778801. length of PP is 2, T plan optimal is 11
[2019-07-07 10:44:10,521] MainFunc-exploration.py-><module> line:127 [INFO]Iteration: 0; Configuration: grid: 10, safety_threshold: 0.200000, privacy_threshold: 0.100000, the starting point: [0, 0, 0]; the end point: [9, 9, 9]; T_budget(alpha): 45.000000 (1.666667); T_optimal(beta): 36.000000 (1.333333); Exploration_rate: 0.000000; Preference: 1.000000; View_radius: 2.500000
[2019-07-07 10:44:29,372] pathinitial.py->PathInitial line:138 [INFO]Initial_planning: Length of reference trajectory: 27
[2019-07-07 10:44:29,372] pathinitial.py->PathInitial line:139 [INFO]Initial_planning: Sum of privacy threat of reference trajectory(occ_grid): 61.054316
[2019-07-07 10:44:29,372] pathinitial.py->PathInitial line:140 [INFO]Initial_planning: Sum of privacy threat of reference trajectory(occ_grid_known): 0.000000
[2019-07-07 10:44:34,819] MainFunc-exploration.py-><module> line:127 [INFO]Iteration: 0; Configuration: grid: 10, safety_threshold: 0.200000, privacy_threshold: 0.100000, the starting point: [0, 0, 0]; the end point: [9, 9, 9]; T_budget(alpha): 45.000000 (1.666667); T_optimal(beta): 36.000000 (1.333333); Exploration_rate: 0.000000; Preference: 1.000000; View_radius: 2.500000
[2019-07-07 10:44:54,319] pathinitial.py->PathInitial line:138 [INFO]Initial_planning: Length of reference trajectory: 27
[2019-07-07 10:44:54,319] pathinitial.py->PathInitial line:139 [INFO]Initial_planning: Sum of privacy threat of reference trajectory(occ_grid): 45.341315
[2019-07-07 10:44:54,319] pathinitial.py->PathInitial line:140 [INFO]Initial_planning: Sum of privacy threat of reference trajectory(occ_grid_known): 0.000000
[2019-07-07 10:45:03,143] pathinitial.py->PathInitial line:183 [INFO]Initial_planning: Length of best trajectory: 31
[2019-07-07 10:45:03,143] pathinitial.py->PathInitial line:184 [INFO]Initial_planning: Sum of privacy threat of best trajectory(occ_grid): 25.981185
[2019-07-07 10:45:03,143] pathinitial.py->PathInitial line:185 [INFO]Initial_planning: Sum of privacy threat of best trajectory(occ_grid_known): 25.981185
[2019-07-07 10:45:03,198] HybridPlanning_SA.py->Astar_Hybrid_Planning_online line:451 [INFO]Online_Hybrid_Planning: No solution for local planning: from [0, 0, 0] to [1, 3, 0]. No soultion flag is 1, PR for PP is 7.392686. length of PP is 4, T plan optimal is 13
[2019-07-07 10:45:03,270] HybridPlanning_SA.py->Astar_Hybrid_Planning_online line:451 [INFO]Online_Hybrid_Planning: No solution for local planning: from [1, 4, 0] to [1, 6, 0]. No soultion flag is 1, PR for PP is 1.103638. length of PP is 2, T plan optimal is 11
[2019-07-07 10:45:04,017] HybridPlanning_SA.py->Astar_Hybrid_Planning_online line:451 [INFO]Online_Hybrid_Planning: No solution for local planning: from [1, 6, 0] to [1, 9, 0]. No soultion flag is 1, PR for PP is 4.934795. length of PP is 3, T plan optimal is 12
[2019-07-07 10:45:04,760] HybridPlanning_SA.py->Astar_Hybrid_Planning_online line:451 [INFO]Online_Hybrid_Planning: No solution for local planning: from [1, 9, 0] to [2, 9, 3]. No soultion flag is 1, PR for PP is 1.103638. length of PP is 6, T plan optimal is 11
[2019-07-07 10:45:05,020] HybridPlanning_SA.py->Astar_Hybrid_Planning_online line:451 [INFO]Online_Hybrid_Planning: No solution for local planning: from [0, 9, 3] to [2, 9, 3]. No soultion flag is 1, PR for PP is 1.882439. length of PP is 2, T plan optimal is 7
[2019-07-07 10:45:05,165] HybridPlanning_SA.py->Astar_Hybrid_Planning_online line:451 [INFO]Online_Hybrid_Planning: No solution for local planning: from [2, 9, 3] to [2, 9, 6]. No soultion flag is 1, PR for PP is 4.934795. length of PP is 3, T plan optimal is 8
[2019-07-07 10:45:05,321] HybridPlanning_SA.py->Astar_Hybrid_Planning_online line:451 [INFO]Online_Hybrid_Planning: No solution for local planning: from [2, 9, 6] to [4, 9, 6]. No soultion flag is 1, PR for PP is 1.103638. length of PP is 2, T plan optimal is 7
[2019-07-07 10:45:05,780] HybridPlanning_SA.py->Astar_Hybrid_Planning_online line:451 [INFO]Online_Hybrid_Planning: No solution for local planning: from [7, 9, 8] to [9, 9, 9]. No soultion flag is 1, PR for PP is 5.056284. length of PP is 3, T plan optimal is 8
[2019-07-07 10:45:07,019] MainFunc-exploration.py-><module> line:127 [INFO]Iteration: 0; Configuration: grid: 10, safety_threshold: 0.200000, privacy_threshold: 0.100000, the starting point: [0, 0, 0]; the end point: [9, 9, 9]; T_budget(alpha): 45.000000 (1.666667); T_optimal(beta): 36.000000 (1.333333); Exploration_rate: 0.000000; Preference: 1.000000; View_radius: 2.500000
[2019-07-07 10:45:24,753] pathinitial.py->PathInitial line:138 [INFO]Initial_planning: Length of reference trajectory: 27
[2019-07-07 10:45:24,753] pathinitial.py->PathInitial line:139 [INFO]Initial_planning: Sum of privacy threat of reference trajectory(occ_grid): 56.717725
[2019-07-07 10:45:24,753] pathinitial.py->PathInitial line:140 [INFO]Initial_planning: Sum of privacy threat of reference trajectory(occ_grid_known): 0.000000
[2019-07-07 10:45:27,909] MainFunc-exploration.py-><module> line:127 [INFO]Iteration: 0; Configuration: grid: 10, safety_threshold: 0.200000, privacy_threshold: 0.100000, the starting point: [0, 0, 0]; the end point: [9, 9, 9]; T_budget(alpha): 45.000000 (1.666667); T_optimal(beta): 36.000000 (1.333333); Exploration_rate: 0.000000; Preference: 1.000000; View_radius: 2.500000
[2019-07-07 10:45:47,727] pathinitial.py->PathInitial line:138 [INFO]Initial_planning: Length of reference trajectory: 27
[2019-07-07 10:45:47,727] pathinitial.py->PathInitial line:139 [INFO]Initial_planning: Sum of privacy threat of reference trajectory(occ_grid): 50.851562
[2019-07-07 10:45:47,727] pathinitial.py->PathInitial line:140 [INFO]Initial_planning: Sum of privacy threat of reference trajectory(occ_grid_known): 0.000000
[2019-07-07 10:46:13,355] pathinitial.py->PathInitial line:183 [INFO]Initial_planning: Length of best trajectory: 31
[2019-07-07 10:46:13,356] pathinitial.py->PathInitial line:184 [INFO]Initial_planning: Sum of privacy threat of best trajectory(occ_grid): 28.541329
[2019-07-07 10:46:13,356] pathinitial.py->PathInitial line:185 [INFO]Initial_planning: Sum of privacy threat of best trajectory(occ_grid_known): 28.541329
[2019-07-07 10:46:13,399] HybridPlanning_SA.py->Astar_Hybrid_Planning_online line:451 [INFO]Online_Hybrid_Planning: No solution for local planning: from [0, 0, 0] to [1, 1, 0]. No soultion flag is 1, PR for PP is 0.778801. length of PP is 2, T plan optimal is 11
[2019-07-07 10:46:13,417] HybridPlanning_SA.py->Astar_Hybrid_Planning_online line:451 [INFO]Online_Hybrid_Planning: No solution for local planning: from [1, 1, 0] to [1, 4, 1]. No soultion flag is 1, PR for PP is 7.220416. length of PP is 4, T plan optimal is 13
[2019-07-07 10:46:13,895] HybridPlanning_SA.py->Astar_Hybrid_Planning_online line:542 [INFO]Online_Hybrid_Planning: Length of replanned trajectory: 30
[2019-07-07 10:46:13,895] HybridPlanning_SA.py->Astar_Hybrid_Planning_online line:543 [INFO]Online_Hybrid_Planning: Sum of privacy threat of replanned trajectory(occ_grid): 36.151700
[2019-07-07 10:46:13,895] HybridPlanning_SA.py->Astar_Hybrid_Planning_online line:544 [INFO]Online_Hybrid_Planning: Sum of privacy threat of replanned trajectory(occ_grid_known): 10.260924
[2019-07-07 10:46:13,895] HybridPlanning_SA.py->Astar_Hybrid_Planning_online line:545 [INFO]Online_Hybrid_Planning: Times of turning off camera of replanned trajectory: 4
[2019-07-07 10:46:13,895] HybridPlanning_SA.py->Astar_Hybrid_Planning_online line:547 [INFO]Online_Hybrid_Planning: Times of intrusion of replanned trajectory(occ_grid): 14
[2019-07-07 10:46:13,895] HybridPlanning_SA.py->Astar_Hybrid_Planning_online line:548 [INFO]Online_Hybrid_Planning: Times of intrusion of replanned trajectory(occ_grid_known): 8
[2019-07-07 10:46:13,902] HybridPlanning_SA.py->Astar_Hybrid_Planning_online line:586 [INFO]Online_Hybrid_Planning: Length of preplanned trajectory: 27
[2019-07-07 10:46:13,902] HybridPlanning_SA.py->Astar_Hybrid_Planning_online line:587 [INFO]Online_Hybrid_Planning: Sum of privacy threat of preplanned trajectory(occ_grid): 50.851562
[2019-07-07 10:46:13,903] HybridPlanning_SA.py->Astar_Hybrid_Planning_online line:588 [INFO]Online_Hybrid_Planning: Sum of privacy threat of preplanned trajectory(occ_grid_known): 24.960786
[2019-07-07 10:46:13,903] HybridPlanning_SA.py->Astar_Hybrid_Planning_online line:589 [INFO]Online_Hybrid_Planning: Times of turning off camera of preplanned trajectory: 0
[2019-07-07 10:46:13,903] HybridPlanning_SA.py->Astar_Hybrid_Planning_online line:591 [INFO]Online_Hybrid_Planning: Times of intrusion of preplanned trajectory(occ_grid): 21
[2019-07-07 10:46:13,903] HybridPlanning_SA.py->Astar_Hybrid_Planning_online line:592 [INFO]Online_Hybrid_Planning: Times of intrusion of preplanned trajectory(occ_grid_known): 15
[2019-07-07 10:46:13,903] HybridPlanning_SA.py->Astar_Hybrid_Planning_online line:610 [INFO]Online_Hybrid_Planning: Replanning times: 4
[2019-07-07 10:46:13,903] HybridPlanning_SA.py->Astar_Hybrid_Planning_online line:612 [INFO]Online_Path_Planning: No solution times: 2
[2019-07-07 10:46:13,911] HybridPlanning_SA.py->Astar_Hybrid_Planning_online line:642 [INFO]Online_Hybrid_Planning: Exploration rate: 0.190000
[2019-07-07 10:46:13,956] pathinitial.py->PathInitial line:138 [INFO]Initial_planning: Length of reference trajectory: 27
[2019-07-07 10:46:13,956] pathinitial.py->PathInitial line:139 [INFO]Initial_planning: Sum of privacy threat of reference trajectory(occ_grid): 50.851562
[2019-07-07 10:46:13,956] pathinitial.py->PathInitial line:140 [INFO]Initial_planning: Sum of privacy threat of reference trajectory(occ_grid_known): 0.000000
[2019-07-07 10:46:14,061] SensorConfigOnline.py->Astar_Sensor_Config_online line:221 [INFO]Online_Sensor_Config: Length of replanned trajectory: 27
[2019-07-07 10:46:14,061] SensorConfigOnline.py->Astar_Sensor_Config_online line:222 [INFO]Online_Sensor_Config: Sum of privacy threat of replanned trajectory(occ_grid): 33.245127
[2019-07-07 10:46:14,061] SensorConfigOnline.py->Astar_Sensor_Config_online line:223 [INFO]Online_Sensor_Config: Sum of privacy threat of replanned trajectory(occ_grid_known): 26.518892
[2019-07-07 10:46:14,061] SensorConfigOnline.py->Astar_Sensor_Config_online line:224 [INFO]Online_Sensor_Config: Times of turning off camera of replanned trajectory: 19
[2019-07-07 10:46:14,061] SensorConfigOnline.py->Astar_Sensor_Config_online line:226 [INFO]Online_Sensor_Config: Times of intrusion of replanned trajectory(occ_grid): 21
[2019-07-07 10:46:14,061] SensorConfigOnline.py->Astar_Sensor_Config_online line:227 [INFO]Online_Sensor_Config: Times of intrusion of replanned trajectory(occ_grid_known): 21
[2019-07-07 10:46:14,069] SensorConfigOnline.py->Astar_Sensor_Config_online line:268 [INFO]Online_Sensor_Config: Length of preplanned trajectory: 27
[2019-07-07 10:46:14,069] SensorConfigOnline.py->Astar_Sensor_Config_online line:269 [INFO]Online_Sensor_Config: Sum of privacy threat of preplanned trajectory(occ_grid): 50.851562
[2019-07-07 10:46:14,069] SensorConfigOnline.py->Astar_Sensor_Config_online line:270 [INFO]Online_Sensor_Config: Sum of privacy threat of preplanned trajectory(occ_grid_known): 41.717628
[2019-07-07 10:46:14,069] SensorConfigOnline.py->Astar_Sensor_Config_online line:271 [INFO]Online_Sensor_Config: Times of turning off camera of preplanned trajectory: 0
[2019-07-07 10:46:14,069] SensorConfigOnline.py->Astar_Sensor_Config_online line:274 [INFO]Online_Sensor_Config: Times of intrusion of preplanned trajectory(occ_grid): 21
[2019-07-07 10:46:14,070] SensorConfigOnline.py->Astar_Sensor_Config_online line:275 [INFO]Online_Sensor_Config: Times of intrusion of preplanned trajectory(occ_grid_known): 21
[2019-07-07 10:46:14,070] SensorConfigOnline.py->Astar_Sensor_Config_online line:292 [INFO]Online_Sensor_Config: Replanning times: 6
[2019-07-07 10:46:14,078] SensorConfigOnline.py->Astar_Sensor_Config_online line:322 [INFO]Online_Sensor_Config: Exploration rate: 0.260000
[2019-07-07 10:46:14,122] pathinitial.py->PathInitial line:138 [INFO]Initial_planning: Length of reference trajectory: 27
[2019-07-07 10:46:14,122] pathinitial.py->PathInitial line:139 [INFO]Initial_planning: Sum of privacy threat of reference trajectory(occ_grid): 50.851562
[2019-07-07 10:46:14,122] pathinitial.py->PathInitial line:140 [INFO]Initial_planning: Sum of privacy threat of reference trajectory(occ_grid_known): 0.000000
[2019-07-07 10:46:14,164] PathPlanningOnline.py->Astar_Path_Planning_online line:248 [INFO]Online_Hybrid_Planning: No solution for local planning: from [0, 0, 0] to [1, 1, 0]. No soultion flag is 1, PR for PP is 0.778801. length of PP is 2, T plan optimal is 11
[2019-07-07 10:46:14,184] PathPlanningOnline.py->Astar_Path_Planning_online line:248 [INFO]Online_Hybrid_Planning: No solution for local planning: from [1, 1, 0] to [1, 4, 1]. No soultion flag is 1, PR for PP is 7.220416. length of PP is 4, T plan optimal is 13
[2019-07-07 10:46:14,196] PathPlanningOnline.py->Astar_Path_Planning_online line:248 [INFO]Online_Hybrid_Planning: No solution for local planning: from [1, 1, 1] to [1, 4, 1]. No soultion flag is 1, PR for PP is 4.187763. length of PP is 3, T plan optimal is 12
[2019-07-07 10:46:14,203] PathPlanningOnline.py->Astar_Path_Planning_online line:248 [INFO]Online_Hybrid_Planning: No solution for local planning: from [1, 2, 1] to [1, 4, 1]. No soultion flag is 1, PR for PP is 1.213061. length of PP is 2, T plan optimal is 11
[2019-07-07 10:46:14,624] PathPlanningOnline.py->Astar_Path_Planning_online line:339 [INFO]Online_Path_Planning: Length of replanned trajectory: 30
[2019-07-07 10:46:14,624] PathPlanningOnline.py->Astar_Path_Planning_online line:340 [INFO]Online_Path_Planning: Sum of privacy threat of replanned trajectory(occ_grid): 39.086778
[2019-07-07 10:46:14,624] PathPlanningOnline.py->Astar_Path_Planning_online line:341 [INFO]Online_Path_Planning: Sum of privacy threat of replanned trajectory(occ_grid_known): 13.196002
[2019-07-07 10:46:14,624] PathPlanningOnline.py->Astar_Path_Planning_online line:342 [INFO]Online_Path_Planning: Times of turning off camera of replanned trajectory: 0
[2019-07-07 10:46:14,624] PathPlanningOnline.py->Astar_Path_Planning_online line:344 [INFO]Online_Path_Planning: Times of intrusion of replanned trajectory(occ_grid): 14
[2019-07-07 10:46:14,624] PathPlanningOnline.py->Astar_Path_Planning_online line:345 [INFO]Online_Path_Planning: Times of intrusion of replanned trajectory(occ_grid_known): 8
[2019-07-07 10:46:14,632] PathPlanningOnline.py->Astar_Path_Planning_online line:387 [INFO]Online_Path_Planning: Sum of privacy threat of preplanned trajectory(occ_grid): 50.851562
[2019-07-07 10:46:14,632] PathPlanningOnline.py->Astar_Path_Planning_online line:388 [INFO]Online_Path_Planning: Sum of privacy threat of preplanned trajectory(occ_grid_known): 24.960786
[2019-07-07 10:46:14,632] PathPlanningOnline.py->Astar_Path_Planning_online line:389 [INFO]Online_Path_Planning: Times of turning off camera of preplanned trajectory: 0
[2019-07-07 10:46:14,632] PathPlanningOnline.py->Astar_Path_Planning_online line:392 [INFO]Online_Path_Planning: Times of intrusion of preplanned trajectory(occ_grid): 21
[2019-07-07 10:46:14,632] PathPlanningOnline.py->Astar_Path_Planning_online line:393 [INFO]Online_Path_Planning: Times of intrusion of preplanned trajectory(occ_grid_known): 15
[2019-07-07 10:46:14,632] PathPlanningOnline.py->Astar_Path_Planning_online line:409 [INFO]Online_Path_Planning: Replanning times: 6
[2019-07-07 10:46:14,632] PathPlanningOnline.py->Astar_Path_Planning_online line:411 [INFO]Online_Path_Planning: No solution times: 4
[2019-07-07 10:46:14,640] PathPlanningOnline.py->Astar_Path_Planning_online line:441 [INFO]Online_Path_Planning: Exploration rate: 0.200000
[2019-07-07 10:46:14,683] pathinitial.py->PathInitial line:138 [INFO]Initial_planning: Length of reference trajectory: 27
[2019-07-07 10:46:14,683] pathinitial.py->PathInitial line:139 [INFO]Initial_planning: Sum of privacy threat of reference trajectory(occ_grid): 50.851562
[2019-07-07 10:46:14,683] pathinitial.py->PathInitial line:140 [INFO]Initial_planning: Sum of privacy threat of reference trajectory(occ_grid_known): 0.000000
[2019-07-07 10:46:14,683] MainFunc-exploration.py-><module> line:127 [INFO]Iteration: 1; Configuration: grid: 10, safety_threshold: 0.200000, privacy_threshold: 0.100000, the starting point: [0, 0, 0]; the end point: [9, 9, 9]; T_budget(alpha): 45.000000 (1.666667); T_optimal(beta): 36.000000 (1.333333); Exploration_rate: 0.000000; Preference: 1.000000; View_radius: 2.500000
[2019-07-07 10:46:19,724] MainFunc-exploration.py-><module> line:127 [INFO]Iteration: 0; Configuration: grid: 10, safety_threshold: 0.200000, privacy_threshold: 0.100000, the starting point: [0, 0, 0]; the end point: [9, 9, 9]; T_budget(alpha): 45.000000 (1.666667); T_optimal(beta): 36.000000 (1.333333); Exploration_rate: 0.000000; Preference: 1.000000; View_radius: 2.500000
[2019-07-07 10:46:19,851] MainFunc-exploration.py-><module> line:135 [INFO]Error for no initial solution!
[2019-07-07 10:46:19,851] MainFunc-exploration.py-><module> line:127 [INFO]Iteration: 1; Configuration: grid: 10, safety_threshold: 0.200000, privacy_threshold: 0.100000, the starting point: [0, 0, 0]; the end point: [9, 9, 9]; T_budget(alpha): 45.000000 (1.666667); T_optimal(beta): 36.000000 (1.333333); Exploration_rate: 0.000000; Preference: 1.000000; View_radius: 2.500000
[2019-07-07 10:46:19,927] MainFunc-exploration.py-><module> line:135 [INFO]Error for no initial solution!
[2019-07-07 10:46:19,927] MainFunc-exploration.py-><module> line:127 [INFO]Iteration: 2; Configuration: grid: 10, safety_threshold: 0.200000, privacy_threshold: 0.100000, the starting point: [0, 0, 0]; the end point: [9, 9, 9]; T_budget(alpha): 45.000000 (1.666667); T_optimal(beta): 36.000000 (1.333333); Exploration_rate: 0.000000; Preference: 1.000000; View_radius: 2.500000
[2019-07-07 10:46:20,005] MainFunc-exploration.py-><module> line:135 [INFO]Error for no initial solution!
[2019-07-07 10:46:20,006] MainFunc-exploration.py-><module> line:127 [INFO]Iteration: 3; Configuration: grid: 10, safety_threshold: 0.200000, privacy_threshold: 0.100000, the starting point: [0, 0, 0]; the end point: [9, 9, 9]; T_budget(alpha): 45.000000 (1.666667); T_optimal(beta): 36.000000 (1.333333); Exploration_rate: 0.000000; Preference: 1.000000; View_radius: 2.500000
[2019-07-07 10:46:20,084] MainFunc-exploration.py-><module> line:135 [INFO]Error for no initial solution!
[2019-07-07 10:46:20,085] MainFunc-exploration.py-><module> line:127 [INFO]Iteration: 4; Configuration: grid: 10, safety_threshold: 0.200000, privacy_threshold: 0.100000, the starting point: [0, 0, 0]; the end point: [9, 9, 9]; T_budget(alpha): 45.000000 (1.666667); T_optimal(beta): 36.000000 (1.333333); Exploration_rate: 0.000000; Preference: 1.000000; View_radius: 2.500000
[2019-07-07 10:46:20,163] MainFunc-exploration.py-><module> line:135 [INFO]Error for no initial solution!
[2019-07-07 10:46:20,163] MainFunc-exploration.py-><module> line:127 [INFO]Iteration: 5; Configuration: grid: 10, safety_threshold: 0.200000, privacy_threshold: 0.100000, the starting point: [0, 0, 0]; the end point: [9, 9, 9]; T_budget(alpha): 45.000000 (1.666667); T_optimal(beta): 36.000000 (1.333333); Exploration_rate: 0.000000; Preference: 1.000000; View_radius: 2.500000
[2019-07-07 10:46:20,240] MainFunc-exploration.py-><module> line:135 [INFO]Error for no initial solution!
[2019-07-07 10:46:20,240] MainFunc-exploration.py-><module> line:127 [INFO]Iteration: 6; Configuration: grid: 10, safety_threshold: 0.200000, privacy_threshold: 0.100000, the starting point: [0, 0, 0]; the end point: [9, 9, 9]; T_budget(alpha): 45.000000 (1.666667); T_optimal(beta): 36.000000 (1.333333); Exploration_rate: 0.000000; Preference: 1.000000; View_radius: 2.500000
[2019-07-07 10:46:20,318] MainFunc-exploration.py-><module> line:135 [INFO]Error for no initial solution!
[2019-07-07 10:46:20,318] MainFunc-exploration.py-><module> line:127 [INFO]Iteration: 7; Configuration: grid: 10, safety_threshold: 0.200000, privacy_threshold: 0.100000, the starting point: [0, 0, 0]; the end point: [9, 9, 9]; T_budget(alpha): 45.000000 (1.666667); T_optimal(beta): 36.000000 (1.333333); Exploration_rate: 0.000000; Preference: 1.000000; View_radius: 2.500000
[2019-07-07 10:46:20,396] MainFunc-exploration.py-><module> line:135 [INFO]Error for no initial solution!
[2019-07-07 10:46:20,397] MainFunc-exploration.py-><module> line:127 [INFO]Iteration: 8; Configuration: grid: 10, safety_threshold: 0.200000, privacy_threshold: 0.100000, the starting point: [0, 0, 0]; the end point: [9, 9, 9]; T_budget(alpha): 45.000000 (1.666667); T_optimal(beta): 36.000000 (1.333333); Exploration_rate: 0.000000; Preference: 1.000000; View_radius: 2.500000
[2019-07-07 10:46:20,476] MainFunc-exploration.py-><module> line:135 [INFO]Error for no initial solution!
[2019-07-07 10:46:20,476] MainFunc-exploration.py-><module> line:127 [INFO]Iteration: 9; Configuration: grid: 10, safety_threshold: 0.200000, privacy_threshold: 0.100000, the starting point: [0, 0, 0]; the end point: [9, 9, 9]; T_budget(alpha): 45.000000 (1.666667); T_optimal(beta): 36.000000 (1.333333); Exploration_rate: 0.000000; Preference: 1.000000; View_radius: 2.500000
[2019-07-07 10:46:20,554] MainFunc-exploration.py-><module> line:135 [INFO]Error for no initial solution!
[2019-07-07 10:46:20,555] MainFunc-exploration.py-><module> line:127 [INFO]Iteration: 10; Configuration: grid: 10, safety_threshold: 0.200000, privacy_threshold: 0.100000, the starting point: [0, 0, 0]; the end point: [9, 9, 9]; T_budget(alpha): 45.000000 (1.666667); T_optimal(beta): 36.000000 (1.333333); Exploration_rate: 0.000000; Preference: 1.000000; View_radius: 2.500000
[2019-07-07 10:46:20,632] MainFunc-exploration.py-><module> line:135 [INFO]Error for no initial solution!
[2019-07-07 10:46:20,633] MainFunc-exploration.py-><module> line:127 [INFO]Iteration: 0; Configuration: grid: 10, safety_threshold: 0.200000, privacy_threshold: 0.100000, the starting point: [0, 0, 0]; the end point: [9, 9, 9]; T_budget(alpha): 45.000000 (1.666667); T_optimal(beta): 36.000000 (1.333333); Exploration_rate: 0.000000; Preference: 1.000000; View_radius: 2.500000
[2019-07-07 10:46:21,594] MainFunc-exploration.py-><module> line:127 [INFO]Iteration: 0; Configuration: grid: 10, safety_threshold: 0.200000, privacy_threshold: 0.100000, the starting point: [0, 0, 0]; the end point: [9, 9, 9]; T_budget(alpha): 45.000000 (1.666667); T_optimal(beta): 36.000000 (1.333333); Exploration_rate: 0.000000; Preference: 1.000000; View_radius: 2.500000
[2019-07-07 10:46:40,115] pathinitial.py->PathInitial line:138 [INFO]Initial_planning: Length of reference trajectory: 27
[2019-07-07 10:46:40,115] pathinitial.py->PathInitial line:139 [INFO]Initial_planning: Sum of privacy threat of reference trajectory(occ_grid): 85.627418
[2019-07-07 10:46:40,115] pathinitial.py->PathInitial line:140 [INFO]Initial_planning: Sum of privacy threat of reference trajectory(occ_grid_known): 0.000000
[2019-07-07 10:46:42,621] MainFunc-exploration.py-><module> line:127 [INFO]Iteration: 0; Configuration: grid: 10, safety_threshold: 0.200000, privacy_threshold: 0.100000, the starting point: [0, 0, 0]; the end point: [9, 9, 9]; T_budget(alpha): 45.000000 (1.666667); T_optimal(beta): 36.000000 (1.333333); Exploration_rate: 0.000000; Preference: 1.000000; View_radius: 2.500000
[2019-07-07 10:47:02,091] pathinitial.py->PathInitial line:138 [INFO]Initial_planning: Length of reference trajectory: 27
[2019-07-07 10:47:02,091] pathinitial.py->PathInitial line:139 [INFO]Initial_planning: Sum of privacy threat of reference trajectory(occ_grid): 49.881945
[2019-07-07 10:47:02,091] pathinitial.py->PathInitial line:140 [INFO]Initial_planning: Sum of privacy threat of reference trajectory(occ_grid_known): 0.000000
[2019-07-07 10:47:07,269] pathinitial.py->PathInitial line:183 [INFO]Initial_planning: Length of best trajectory: 29
[2019-07-07 10:47:07,269] pathinitial.py->PathInitial line:184 [INFO]Initial_planning: Sum of privacy threat of best trajectory(occ_grid): 12.566337
[2019-07-07 10:47:07,270] pathinitial.py->PathInitial line:185 [INFO]Initial_planning: Sum of privacy threat of best trajectory(occ_grid_known): 12.566337
[2019-07-07 10:47:07,324] HybridPlanning_SA.py->Astar_Hybrid_Planning_online line:451 [INFO]Online_Hybrid_Planning: No solution for local planning: from [0, 1, 0] to [0, 3, 0]. No soultion flag is 1, PR for PP is 1.103638. length of PP is 2, T plan optimal is 11
[2019-07-07 10:47:07,704] HybridPlanning_SA.py->Astar_Hybrid_Planning_online line:451 [INFO]Online_Hybrid_Planning: No solution for local planning: from [0, 4, 0] to [1, 7, 2]. No soultion flag is 1, PR for PP is 0.778801. length of PP is 6, T plan optimal is 15
[2019-07-07 10:47:39,993] MainFunc-exploration.py-><module> line:127 [INFO]Iteration: 0; Configuration: grid: 10, safety_threshold: 0.200000, privacy_threshold: 0.100000, the starting point: [0, 0, 0]; the end point: [9, 9, 9]; T_budget(alpha): 45.000000 (1.666667); T_optimal(beta): 36.000000 (1.333333); Exploration_rate: 0.000000; Preference: 1.000000; View_radius: 2.500000
[2019-07-07 10:47:57,593] pathinitial.py->PathInitial line:138 [INFO]Initial_planning: Length of reference trajectory: 27
[2019-07-07 10:47:57,594] pathinitial.py->PathInitial line:139 [INFO]Initial_planning: Sum of privacy threat of reference trajectory(occ_grid): 64.722526
[2019-07-07 10:47:57,594] pathinitial.py->PathInitial line:140 [INFO]Initial_planning: Sum of privacy threat of reference trajectory(occ_grid_known): 0.000000
[2019-07-07 10:48:02,828] MainFunc-exploration.py-><module> line:127 [INFO]Iteration: 0; Configuration: grid: 10, safety_threshold: 0.200000, privacy_threshold: 0.100000, the starting point: [0, 0, 0]; the end point: [9, 9, 9]; T_budget(alpha): 45.000000 (1.666667); T_optimal(beta): 36.000000 (1.333333); Exploration_rate: 0.000000; Preference: 1.000000; View_radius: 2.500000
